<?xml version="1.0" encoding="UTF-8"?>
<!-- Generated by org.testng.reporters.JUnitReportReporter -->
<testsuite hostname="Navya-Shree" failures="0" tests="1" name="com.hrms.testscripts.Tcoo1" time="9.661" errors="0" timestamp="2023-06-21T00:17:46 IST" skipped="0">
  <testcase classname="com.hrms.testscripts.Tcoo1" name="tc001" time="9.661"/>
</testsuite> <!-- com.hrms.testscripts.Tcoo1 -->
