<?xml version="1.0" encoding="UTF-8"?>
<!-- Generated by org.testng.reporters.JUnitReportReporter -->
<testsuite hostname="Navya-Shree" failures="0" tests="1" name="com.hrms.testscripts.TC002" time="9.880" errors="0" timestamp="2023-06-21T00:17:46 IST" skipped="0">
  <testcase classname="com.hrms.testscripts.TC002" name="tc002" time="9.880"/>
</testsuite> <!-- com.hrms.testscripts.TC002 -->
